<?xml version="1.0" encoding="UTF-8"?>
<!-- Generated by org.testng.reporters.JUnitReportReporter -->
<testsuite hostname="LAPTOP-9CTQ7N0R" failures="0" tests="2" name="framework.javaframework.MyStoresTest" time="16.287" errors="0" timestamp="2020-09-13T18:23:25 IST" skipped="0">
  <testcase classname="framework.javaframework.MyStoresTest" name="printdata" time="12.535"/>
  <system-out/>
  <testcase classname="framework.javaframework.MyStoresTest" name="fnCreateNewAccoount" time="3.752"/>
  <system-out/>
</testsuite> <!-- framework.javaframework.MyStoresTest -->
