<?xml version="1.0" encoding="UTF-8"?>
<!-- Generated by org.testng.reporters.JUnitReportReporter -->
<testsuite hostname="LAPTOP-9CTQ7N0R" failures="0" tests="2" name="framework.javaframework.MyStoresTest" time="19.371" errors="0" timestamp="2020-09-07T22:05:31 IST" skipped="0">
  <testcase classname="framework.javaframework.MyStoresTest" name="printdata" time="12.647"/>
  <system-out/>
  <testcase classname="framework.javaframework.MyStoresTest" name="fnCreateNewAccoount" time="6.724"/>
  <system-out/>
</testsuite> <!-- framework.javaframework.MyStoresTest -->
