<?xml version="1.0" encoding="UTF-8"?>
<!-- Generated by org.testng.reporters.JUnitReportReporter -->
<testsuite hostname="LAPTOP-9CTQ7N0R" failures="0" tests="2" name="framework.javaframework.MyStoresTest" time="16.634" errors="0" timestamp="2020-09-02T11:01:43 IST" skipped="0">
  <testcase classname="framework.javaframework.MyStoresTest" name="fnRegisterNewUser" time="12.975"/>
  <system-out/>
  <testcase classname="framework.javaframework.MyStoresTest" name="fnCreateNewAccoount" time="3.659"/>
  <system-out/>
</testsuite> <!-- framework.javaframework.MyStoresTest -->
